<?xml version="1.0" encoding="UTF-8"?>
<!-- Generated by org.testng.reporters.JUnitXMLReporter -->
<testsuite hostname="ArunXPS" ignored="0" name="Login Test case" tests="1" failures="0" timestamp="2019-11-05T08:19:52 CET" time="0.045" errors="0">
  <testcase name="@BeforeSuite launchBrowser" time="0.023" classname="commonFunctions.CommonFunctions">
    <failure type="java.io.FileNotFoundException" message="config.properties (The system cannot find the file specified)">
      <![CDATA[java.io.FileNotFoundException: config.properties (The system cannot find the file specified)
at java.io.FileInputStream.open0(Native Method)
at java.io.FileInputStream.open(FileInputStream.java:195)
at java.io.FileInputStream.<init>(FileInputStream.java:138)
at java.io.FileInputStream.<init>(FileInputStream.java:93)
at commonFunctions.CommonFunctions.loadPropertyFile(CommonFunctions.java:24)
at commonFunctions.CommonFunctions.launchBrowser(CommonFunctions.java:36)
... Removed 19 stack frames]]>
    </failure>
  </testcase> <!-- @BeforeSuite launchBrowser -->
  <testcase name="Login_test" time="0.0" classname="testCases.Login_test">
    <skipped/>
  </testcase> <!-- Login_test -->
</testsuite> <!-- Login Test case -->
